[debug] [2020-07-19T07:18:41.782Z] ----------------------------------------------------------------------
[debug] [2020-07-19T07:18:41.784Z] Command:       /usr/local/bin/node /usr/local/bin/firebase init
[debug] [2020-07-19T07:18:41.785Z] CLI Version:   8.6.0
[debug] [2020-07-19T07:18:41.785Z] Platform:      darwin
[debug] [2020-07-19T07:18:41.785Z] Node Version:  v12.16.2
[debug] [2020-07-19T07:18:41.795Z] Time:          Sun Jul 19 2020 14:18:41 GMT+0700 (Indochina Time)
[debug] [2020-07-19T07:18:41.795Z] ----------------------------------------------------------------------
[debug] [2020-07-19T07:18:41.796Z] 
[debug] [2020-07-19T07:18:41.805Z] > command requires scopes: ["email","openid","https://www.googleapis.com/auth/cloudplatformprojects.readonly","https://www.googleapis.com/auth/firebase","https://www.googleapis.com/auth/cloud-platform"]
[debug] [2020-07-19T07:18:41.806Z] > authorizing via signed-in user
[info] 
     ######## #### ########  ######## ########     ###     ######  ########
     ##        ##  ##     ## ##       ##     ##  ##   ##  ##       ##
     ######    ##  ########  ######   ########  #########  ######  ######
     ##        ##  ##    ##  ##       ##     ## ##     ##       ## ##
     ##       #### ##     ## ######## ########  ##     ##  ######  ########

You're about to initialize a Firebase project in this directory:

  /Users/huyhq3/Study/CDNC/CDNC-CI-CD

Before we get started, keep in mind:

  * You are initializing in an existing Firebase project directory

[debug] [2020-07-19T07:18:57.763Z] Error: write EIO
    at afterWriteDispatched (internal/stream_base_commons.js:154:25)
    at writeGeneric (internal/stream_base_commons.js:145:3)
    at WriteStream.Socket._writeGeneric (net.js:784:11)
    at WriteStream.Socket._write (net.js:796:8)
    at doWrite (_stream_writable.js:442:12)
    at writeOrBuffer (_stream_writable.js:426:5)
    at WriteStream.Writable.write (_stream_writable.js:317:11)
    at EventEmitter.signalExit.alwaysLast (/usr/local/lib/node_modules/firebase-tools/node_modules/restore-cursor/index.js:7:18)
    at EventEmitter.emit (events.js:310:20)
    at EventEmitter.emit (domain.js:482:12)
    at emit (/usr/local/lib/node_modules/firebase-tools/node_modules/signal-exit/index.js:78:11)
    at process.listener (/usr/local/lib/node_modules/firebase-tools/node_modules/signal-exit/index.js:94:7)
    at process.emit (events.js:310:20)
